<?xml version="1.0" encoding="UTF-8"?>
<!-- Generated by org.testng.reporters.JUnitReportReporter -->
<testsuite skipped="0" hostname="DESKTOP-F7NBUAN" name="testCases.TC_008_ProductDisplayPage" tests="1" failures="0" timestamp="2021-03-31T20:46:55 MST" time="14.544" errors="0">
  <testcase name="test_productdisplay" time="14.544" classname="testCases.TC_008_ProductDisplayPage"/>
  <system-out/>
</testsuite> <!-- testCases.TC_008_ProductDisplayPage -->
