<?xml version="1.0" encoding="UTF-8"?>
<!-- Generated by org.testng.reporters.JUnitReportReporter -->
<testsuite skipped="0" hostname="DESKTOP-F7NBUAN" name="testCases.TC_009_ForgotPassword" tests="1" failures="0" timestamp="2021-04-05T17:09:50 MST" time="15.706" errors="0">
  <testcase name="test_forgotpassword" time="15.706" classname="testCases.TC_009_ForgotPassword"/>
  <system-out/>
</testsuite> <!-- testCases.TC_009_ForgotPassword -->
