<?xml version="1.0" encoding="UTF-8"?>
<!-- Generated by org.testng.reporters.JUnitReportReporter -->
<testsuite skipped="0" hostname="DESKTOP-F7NBUAN" name="testCases.TC_008_ProductDisplayPage" tests="1" failures="0" timestamp="2021-04-05T17:09:50 MST" time="17.813" errors="0">
  <testcase name="test_productdisplay" time="17.813" classname="testCases.TC_008_ProductDisplayPage"/>
  <system-out/>
</testsuite> <!-- testCases.TC_008_ProductDisplayPage -->
