<?xml version="1.0" encoding="UTF-8"?>
<!-- Generated by org.testng.reporters.JUnitReportReporter -->
<testsuite skipped="0" hostname="DESKTOP-F7NBUAN" name="testCases.TC_027_GiftCertificate" tests="1" failures="0" timestamp="2021-04-05T16:00:16 MST" time="16.659" errors="0">
  <testcase name="test_HeaderFooterMenuOptions" time="16.659" classname="testCases.TC_027_GiftCertificate"/>
  <system-out/>
</testsuite> <!-- testCases.TC_027_GiftCertificate -->
