<?xml version="1.0" encoding="UTF-8"?>
<!-- Generated by org.testng.reporters.JUnitReportReporter -->
<testsuite skipped="0" hostname="DESKTOP-F7NBUAN" name="testCases.TC_003_LoginDDT" tests="4" failures="0" timestamp="2021-03-26T13:17:04 MST" time="39.545" errors="0">
  <testcase name="test_LoginDDT" time="11.968" classname="testCases.TC_003_LoginDDT"/>
  <system-out/>
  <testcase name="test_LoginDDT" time="11.839" classname="testCases.TC_003_LoginDDT"/>
  <system-out/>
  <testcase name="test_LoginDDT" time="3.909" classname="testCases.TC_003_LoginDDT"/>
  <system-out/>
  <testcase name="test_LoginDDT" time="11.829" classname="testCases.TC_003_LoginDDT"/>
  <system-out/>
</testsuite> <!-- testCases.TC_003_LoginDDT -->
