<?xml version="1.0" encoding="UTF-8"?>
<!-- Generated by org.testng.reporters.JUnitReportReporter -->
<testsuite skipped="0" hostname="DESKTOP-F7NBUAN" name="testCases.TC_019_Returns" tests="1" failures="0" timestamp="2021-04-05T16:00:16 MST" time="12.525" errors="0">
  <testcase name="test_Returns" time="12.525" classname="testCases.TC_019_Returns"/>
  <system-out/>
</testsuite> <!-- testCases.TC_019_Returns -->
