<?xml version="1.0" encoding="UTF-8"?>
<!-- Generated by org.testng.reporters.JUnitReportReporter -->
<testsuite skipped="0" hostname="DESKTOP-F7NBUAN" name="testCases.TC_005_Addcart" tests="1" failures="0" timestamp="2021-03-28T16:23:06 MST" time="15.881" errors="0">
  <testcase name="test_addcart" time="15.881" classname="testCases.TC_005_Addcart"/>
  <system-out/>
</testsuite> <!-- testCases.TC_005_Addcart -->
