<?xml version="1.0" encoding="UTF-8"?>
<!-- Generated by org.testng.reporters.JUnitReportReporter -->
<testsuite skipped="0" hostname="DESKTOP-F7NBUAN" name="testCases.TC_025_SpecialOffer" tests="1" failures="0" timestamp="2021-04-05T14:55:41 MST" time="14.226" errors="0">
  <testcase name="test_contactus" time="14.226" classname="testCases.TC_025_SpecialOffer"/>
  <system-out/>
</testsuite> <!-- testCases.TC_025_SpecialOffer -->
