<?xml version="1.0" encoding="UTF-8"?>
<!-- Generated by org.testng.reporters.JUnitReportReporter -->
<testsuite skipped="0" hostname="DESKTOP-F7NBUAN" name="testCases.TC_004Search" tests="1" failures="0" timestamp="2021-04-05T14:55:41 MST" time="15.866" errors="0">
  <testcase name="test_search" time="15.866" classname="testCases.TC_004Search"/>
  <system-out/>
</testsuite> <!-- testCases.TC_004Search -->
