<?xml version="1.0" encoding="UTF-8"?>
<!-- Generated by org.testng.reporters.JUnitReportReporter -->
<testsuite skipped="0" hostname="DESKTOP-F7NBUAN" name="testCases.TC_018_RewardPoints" tests="1" failures="0" timestamp="2021-04-05T14:55:41 MST" time="12.064" errors="0">
  <testcase name="test_RewardPoint" time="12.064" classname="testCases.TC_018_RewardPoints"/>
  <system-out/>
</testsuite> <!-- testCases.TC_018_RewardPoints -->
