<?xml version="1.0" encoding="UTF-8"?>
<!-- Generated by org.testng.reporters.JUnitReportReporter -->
<testsuite skipped="0" hostname="DESKTOP-F7NBUAN" name="testCases.TC_024_ContactUs" tests="1" failures="0" timestamp="2021-04-05T16:00:16 MST" time="14.345" errors="0">
  <testcase name="test_contactus" time="14.345" classname="testCases.TC_024_ContactUs"/>
  <system-out/>
</testsuite> <!-- testCases.TC_024_ContactUs -->
