<?xml version="1.0" encoding="UTF-8"?>
<!-- Generated by org.testng.reporters.JUnitReportReporter -->
<testsuite skipped="0" hostname="DESKTOP-F7NBUAN" name="testCases.TC_003_LoginDDT" tests="4" failures="0" timestamp="2021-03-24T12:45:06 MST" time="40.482" errors="0">
  <testcase name="test_LoginDDT" time="11.941" classname="testCases.TC_003_LoginDDT"/>
  <system-out/>
  <testcase name="test_LoginDDT" time="4.796" classname="testCases.TC_003_LoginDDT"/>
  <system-out/>
  <testcase name="test_LoginDDT" time="11.837" classname="testCases.TC_003_LoginDDT"/>
  <system-out/>
  <testcase name="test_LoginDDT" time="11.908" classname="testCases.TC_003_LoginDDT"/>
  <system-out/>
</testsuite> <!-- testCases.TC_003_LoginDDT -->
