<?xml version="1.0" encoding="UTF-8"?>
<!-- Generated by org.testng.reporters.JUnitReportReporter -->
<testsuite skipped="0" hostname="DESKTOP-F7NBUAN" name="testCases.TC_023_Affiliate" tests="1" failures="0" timestamp="2021-04-05T14:55:41 MST" time="16.617" errors="0">
  <testcase name="test_Newletter" time="16.617" classname="testCases.TC_023_Affiliate"/>
  <system-out/>
</testsuite> <!-- testCases.TC_023_Affiliate -->
