<?xml version="1.0" encoding="UTF-8"?>
<!-- Generated by org.testng.reporters.JUnitReportReporter -->
<testsuite skipped="0" hostname="DESKTOP-F7NBUAN" name="testCases.TC_028_Currency" tests="1" failures="0" timestamp="2021-04-05T14:55:41 MST" time="13.294" errors="0">
  <testcase name="test_currency" time="13.294" classname="testCases.TC_028_Currency"/>
  <system-out/>
</testsuite> <!-- testCases.TC_028_Currency -->
