<?xml version="1.0" encoding="UTF-8"?>
<!-- Generated by org.testng.reporters.JUnitReportReporter -->
<testsuite skipped="0" hostname="DESKTOP-F7NBUAN" name="testCases.TC_021_RecurringPayment" tests="1" failures="0" timestamp="2021-04-05T16:00:16 MST" time="10.592" errors="0">
  <testcase name="test_RecurringPayment" time="10.592" classname="testCases.TC_021_RecurringPayment"/>
  <system-out/>
</testsuite> <!-- testCases.TC_021_RecurringPayment -->
