<?xml version="1.0" encoding="UTF-8"?>
<!-- Generated by org.testng.reporters.JUnitReportReporter -->
<testsuite skipped="0" hostname="DESKTOP-F7NBUAN" name="testCases.TC_001_AccountRegistration" tests="1" failures="0" timestamp="2021-04-05T17:09:50 MST" time="12.664" errors="0">
  <testcase name="test_account_Registration" time="12.664" classname="testCases.TC_001_AccountRegistration"/>
  <system-out/>
</testsuite> <!-- testCases.TC_001_AccountRegistration -->
