<?xml version="1.0" encoding="UTF-8"?>
<!-- Generated by org.testng.reporters.JUnitReportReporter -->
<testsuite skipped="0" hostname="DESKTOP-F7NBUAN" name="testCases.TC_010_ShoppingCart" tests="1" failures="0" timestamp="2021-04-01T15:57:41 MST" time="38.075" errors="0">
  <testcase name="test_ShoppingCart" time="38.075" classname="testCases.TC_010_ShoppingCart"/>
  <system-out/>
</testsuite> <!-- testCases.TC_010_ShoppingCart -->
