<?xml version="1.0" encoding="UTF-8"?>
<!-- Generated by org.testng.reporters.JUnitReportReporter -->
<testsuite skipped="0" hostname="DESKTOP-F7NBUAN" name="testCases.TC_006_ProductCompare" tests="1" failures="0" timestamp="2021-03-29T13:18:30 MST" time="17.742" errors="0">
  <testcase name="test_productcompare" time="17.742" classname="testCases.TC_006_ProductCompare"/>
  <system-out/>
</testsuite> <!-- testCases.TC_006_ProductCompare -->
