<?xml version="1.0" encoding="UTF-8"?>
<!-- Generated by org.testng.reporters.JUnitReportReporter -->
<testsuite skipped="0" hostname="DESKTOP-F7NBUAN" name="testCases.TC_004Search" tests="1" failures="0" timestamp="2021-03-24T20:19:12 MST" time="8.756" errors="0">
  <testcase name="test_search" time="8.756" classname="testCases.TC_004Search"/>
  <system-out/>
</testsuite> <!-- testCases.TC_004Search -->
