<?xml version="1.0" encoding="UTF-8"?>
<!-- Generated by org.testng.reporters.JUnitReportReporter -->
<testsuite skipped="0" hostname="DESKTOP-F7NBUAN" name="testCases.TC_010_ShoppingCart" tests="1" failures="0" timestamp="2021-04-05T16:00:16 MST" time="37.360" errors="0">
  <testcase name="test_ShoppingCart" time="37.360" classname="testCases.TC_010_ShoppingCart"/>
  <system-out/>
</testsuite> <!-- testCases.TC_010_ShoppingCart -->
