<?xml version="1.0" encoding="UTF-8"?>
<!-- Generated by org.testng.reporters.JUnitReportReporter -->
<testsuite skipped="0" hostname="DESKTOP-F7NBUAN" name="testCases.TC_014_ChangePassword" tests="1" failures="0" timestamp="2021-04-05T17:09:50 MST" time="18.667" errors="0">
  <testcase name="test_changepassword" time="18.667" classname="testCases.TC_014_ChangePassword"/>
  <system-out/>
</testsuite> <!-- testCases.TC_014_ChangePassword -->
