<?xml version="1.0" encoding="UTF-8"?>
<!-- Generated by org.testng.reporters.JUnitReportReporter -->
<testsuite skipped="0" hostname="DESKTOP-F7NBUAN" name="testCases.TC_009_ForgotPassword" tests="1" failures="0" timestamp="2021-03-31T20:46:55 MST" time="13.259" errors="0">
  <testcase name="test_forgotpassword" time="13.259" classname="testCases.TC_009_ForgotPassword"/>
  <system-out/>
</testsuite> <!-- testCases.TC_009_ForgotPassword -->
