<?xml version="1.0" encoding="UTF-8"?>
<!-- Generated by org.testng.reporters.JUnitReportReporter -->
<testsuite skipped="0" hostname="DESKTOP-F7NBUAN" name="testCases.TC_002_Login" tests="1" failures="0" timestamp="2021-03-26T17:44:43 MST" time="10.970" errors="0">
  <testcase name="test_Login" time="10.970" classname="testCases.TC_002_Login"/>
  <system-out/>
</testsuite> <!-- testCases.TC_002_Login -->
